This file contains any messages produced by compilers while
running configure, to aid debugging if configure makes a mistake.

It was created by esub configure 1.0, which was
generated by GNU Autoconf 2.69.  Invocation command line was

  $ ./configure 

## --------- ##
## Platform. ##
## --------- ##

hostname = xnpster-HP
uname -m = x86_64
uname -r = 5.11.0-40-generic
uname -s = Linux
uname -v = #44-Ubuntu SMP Wed Oct 20 16:16:42 UTC 2021

/usr/bin/uname -p = x86_64
/bin/uname -X     = unknown

/bin/arch              = x86_64
/usr/bin/arch -k       = unknown
/usr/convex/getsysinfo = unknown
/usr/bin/hostinfo      = unknown
/bin/machine           = unknown
/usr/bin/oslevel       = unknown
/bin/universe          = unknown

PATH: /home/xnpst/.local/bin
PATH: /home/xnpst/anaconda3/condabin
PATH: /home/xnpst/.local/bin
PATH: /usr/local/sbin
PATH: /usr/local/bin
PATH: /usr/sbin
PATH: /usr/bin
PATH: /sbin
PATH: /bin
PATH: /usr/games
PATH: /usr/local/games
PATH: /snap/bin
PATH: /snap/bin
PATH: /home/xnpst/.local/bin
PATH: /home/xnpst/.local/bin
PATH: /home/xnpst/.local/bin
PATH: /home/xnpst/.local/bin


## ----------- ##
## Core tests. ##
## ----------- ##

configure:2209: checking for gcc
configure:2225: found /usr/bin/gcc
configure:2236: result: gcc
configure:2465: checking for C compiler version
configure:2474: gcc --version >&5
gcc (Ubuntu 10.3.0-1ubuntu1) 10.3.0
Copyright (C) 2020 Free Software Foundation, Inc.
This is free software; see the source for copying conditions.  There is NO
warranty; not even for MERCHANTABILITY or FITNESS FOR A PARTICULAR PURPOSE.

configure:2485: $? = 0
configure:2474: gcc -v >&5
Using built-in specs.
COLLECT_GCC=gcc
COLLECT_LTO_WRAPPER=/usr/lib/gcc/x86_64-linux-gnu/10/lto-wrapper
OFFLOAD_TARGET_NAMES=nvptx-none:amdgcn-amdhsa:hsa
OFFLOAD_TARGET_DEFAULT=1
Target: x86_64-linux-gnu
Configured with: ../src/configure -v --with-pkgversion='Ubuntu 10.3.0-1ubuntu1' --with-bugurl=file:///usr/share/doc/gcc-10/README.Bugs --enable-languages=c,ada,c++,go,brig,d,fortran,objc,obj-c++,m2 --prefix=/usr --with-gcc-major-version-only --program-suffix=-10 --program-prefix=x86_64-linux-gnu- --enable-shared --enable-linker-build-id --libexecdir=/usr/lib --without-included-gettext --enable-threads=posix --libdir=/usr/lib --enable-nls --enable-bootstrap --enable-clocale=gnu --enable-libstdcxx-debug --enable-libstdcxx-time=yes --with-default-libstdcxx-abi=new --enable-gnu-unique-object --disable-vtable-verify --enable-plugin --enable-default-pie --with-system-zlib --enable-libphobos-checking=release --with-target-system-zlib=auto --enable-objc-gc=auto --enable-multiarch --disable-werror --with-arch-32=i686 --with-abi=m64 --with-multilib-list=m32,m64,mx32 --enable-multilib --with-tune=generic --enable-offload-targets=nvptx-none=/build/gcc-10-gDeRY6/gcc-10-10.3.0/debian/tmp-nvptx/usr,amdgcn-amdhsa=/build/gcc-10-gDeRY6/gcc-10-10.3.0/debian/tmp-gcn/usr,hsa --without-cuda-driver --enable-checking=release --build=x86_64-linux-gnu --host=x86_64-linux-gnu --target=x86_64-linux-gnu --with-build-config=bootstrap-lto-lean --enable-link-mutex
Thread model: posix
Supported LTO compression algorithms: zlib zstd
gcc version 10.3.0 (Ubuntu 10.3.0-1ubuntu1) 
... rest of stderr output deleted ...
configure:2485: $? = 0
configure:2474: gcc -V >&5
gcc: error: unrecognized command-line option '-V'
gcc: fatal error: no input files
compilation terminated.
configure:2485: $? = 1
configure:2474: gcc -qversion >&5
gcc: error: unrecognized command-line option '-qversion'; did you mean '--version'?
gcc: fatal error: no input files
compilation terminated.
configure:2485: $? = 1
configure:2505: checking whether the C compiler works
configure:2527: gcc    conftest.c  >&5
configure:2531: $? = 0
configure:2579: result: yes
configure:2582: checking for C compiler default output file name
configure:2584: result: a.out
configure:2590: checking for suffix of executables
configure:2597: gcc -o conftest    conftest.c  >&5
configure:2601: $? = 0
configure:2623: result: 
configure:2645: checking whether we are cross compiling
configure:2653: gcc -o conftest    conftest.c  >&5
configure:2657: $? = 0
configure:2664: ./conftest
configure:2668: $? = 0
configure:2683: result: no
configure:2688: checking for suffix of object files
configure:2710: gcc -c   conftest.c >&5
configure:2714: $? = 0
configure:2735: result: o
configure:2739: checking whether we are using the GNU C compiler
configure:2758: gcc -c   conftest.c >&5
configure:2758: $? = 0
configure:2767: result: yes
configure:2776: checking whether gcc accepts -g
configure:2796: gcc -c -g  conftest.c >&5
configure:2796: $? = 0
configure:2837: result: yes
configure:2854: checking for gcc option to accept ISO C89
configure:2917: gcc  -c -g -O2  conftest.c >&5
configure:2917: $? = 0
configure:2930: result: none needed
configure:2987: checking whether gcc understands -c and -o together
configure:3009: gcc -c conftest.c -o conftest2.o
configure:3012: $? = 0
configure:3009: gcc -c conftest.c -o conftest2.o
configure:3012: $? = 0
configure:3024: result: yes
configure:3057: checking for a BSD-compatible install
configure:3125: result: /usr/bin/install -c
configure:3136: checking whether build environment is sane
configure:3191: result: yes
configure:3334: checking for a thread-safe mkdir -p
configure:3373: result: /usr/bin/mkdir -p
configure:3380: checking for gawk
configure:3410: result: no
configure:3380: checking for mawk
configure:3396: found /usr/bin/mawk
configure:3407: result: mawk
configure:3418: checking whether make sets $(MAKE)
configure:3440: result: yes
configure:3462: checking whether make supports the include directive
configure:3477: make -f confmf.GNU && cat confinc.out
this is the am__doit target
configure:3480: $? = 0
configure:3499: result: yes (GNU style)
configure:3532: checking whether make supports nested variables
configure:3549: result: yes
configure:3634: checking dependency style of gcc
configure:3745: result: gcc3
configure:3812: checking how to run the C preprocessor
configure:3843: gcc -E  conftest.c
configure:3843: $? = 0
configure:3857: gcc -E  conftest.c
conftest.c:11:10: fatal error: ac_nonexistent.h: No such file or directory
   11 | #include <ac_nonexistent.h>
      |          ^~~~~~~~~~~~~~~~~~
compilation terminated.
configure:3857: $? = 1
configure: failed program was:
| /* confdefs.h */
| #define PACKAGE_NAME "esub"
| #define PACKAGE_TARNAME "esub"
| #define PACKAGE_VERSION "1.0"
| #define PACKAGE_STRING "esub 1.0"
| #define PACKAGE_BUGREPORT "xnpster@yandex.ru"
| #define PACKAGE_URL ""
| #define PACKAGE "esub"
| #define VERSION "1.0"
| /* end confdefs.h.  */
| #include <ac_nonexistent.h>
configure:3882: result: gcc -E
configure:3902: gcc -E  conftest.c
configure:3902: $? = 0
configure:3916: gcc -E  conftest.c
conftest.c:11:10: fatal error: ac_nonexistent.h: No such file or directory
   11 | #include <ac_nonexistent.h>
      |          ^~~~~~~~~~~~~~~~~~
compilation terminated.
configure:3916: $? = 1
configure: failed program was:
| /* confdefs.h */
| #define PACKAGE_NAME "esub"
| #define PACKAGE_TARNAME "esub"
| #define PACKAGE_VERSION "1.0"
| #define PACKAGE_STRING "esub 1.0"
| #define PACKAGE_BUGREPORT "xnpster@yandex.ru"
| #define PACKAGE_URL ""
| #define PACKAGE "esub"
| #define VERSION "1.0"
| /* end confdefs.h.  */
| #include <ac_nonexistent.h>
configure:3945: checking for grep that handles long lines and -e
configure:4003: result: /usr/bin/grep
configure:4008: checking for egrep
configure:4070: result: /usr/bin/grep -E
configure:4075: checking for ANSI C header files
configure:4095: gcc -c -g -O2  conftest.c >&5
configure:4095: $? = 0
configure:4168: gcc -o conftest -g -O2   conftest.c  >&5
configure:4168: $? = 0
configure:4168: ./conftest
configure:4168: $? = 0
configure:4179: result: yes
configure:4192: checking for sys/types.h
configure:4192: gcc -c -g -O2  conftest.c >&5
configure:4192: $? = 0
configure:4192: result: yes
configure:4192: checking for sys/stat.h
configure:4192: gcc -c -g -O2  conftest.c >&5
configure:4192: $? = 0
configure:4192: result: yes
configure:4192: checking for stdlib.h
configure:4192: gcc -c -g -O2  conftest.c >&5
configure:4192: $? = 0
configure:4192: result: yes
configure:4192: checking for string.h
configure:4192: gcc -c -g -O2  conftest.c >&5
configure:4192: $? = 0
configure:4192: result: yes
configure:4192: checking for memory.h
configure:4192: gcc -c -g -O2  conftest.c >&5
configure:4192: $? = 0
configure:4192: result: yes
configure:4192: checking for strings.h
configure:4192: gcc -c -g -O2  conftest.c >&5
configure:4192: $? = 0
configure:4192: result: yes
configure:4192: checking for inttypes.h
configure:4192: gcc -c -g -O2  conftest.c >&5
configure:4192: $? = 0
configure:4192: result: yes
configure:4192: checking for stdint.h
configure:4192: gcc -c -g -O2  conftest.c >&5
configure:4192: $? = 0
configure:4192: result: yes
configure:4192: checking for unistd.h
configure:4192: gcc -c -g -O2  conftest.c >&5
configure:4192: $? = 0
configure:4192: result: yes
configure:4207: checking for stdlib.h
configure:4207: result: yes
configure:4207: checking for string.h
configure:4207: result: yes
configure:4223: checking for stdlib.h
configure:4223: result: yes
configure:4233: checking for GNU libc compatible malloc
configure:4257: gcc -o conftest -g -O2   conftest.c  >&5
configure:4257: $? = 0
configure:4257: ./conftest
configure:4257: $? = 0
configure:4267: result: yes
configure:4290: checking for stdlib.h
configure:4290: result: yes
configure:4300: checking for GNU libc compatible realloc
configure:4324: gcc -o conftest -g -O2   conftest.c  >&5
configure:4324: $? = 0
configure:4324: ./conftest
configure:4324: $? = 0
configure:4334: result: yes
configure:4357: checking for regcomp
configure:4357: gcc -o conftest -g -O2   conftest.c  >&5
configure:4357: $? = 0
configure:4357: result: yes
configure:4468: checking that generated files are newer than configure
configure:4474: result: done
configure:4497: creating ./config.status

## ---------------------- ##
## Running config.status. ##
## ---------------------- ##

This file was extended by esub config.status 1.0, which was
generated by GNU Autoconf 2.69.  Invocation command line was

  CONFIG_FILES    = 
  CONFIG_HEADERS  = 
  CONFIG_LINKS    = 
  CONFIG_COMMANDS = 
  $ ./config.status 

on xnpster-HP

config.status:860: creating Makefile
config.status:860: creating config.h
config.status:1041: config.h is unchanged
config.status:1089: executing depfiles commands
config.status:1166: cd .       && sed -e '/# am--include-marker/d' Makefile         | make -f - am--depfiles
make: Nothing to be done for 'am--depfiles'.
config.status:1171: $? = 0

## ---------------- ##
## Cache variables. ##
## ---------------- ##

ac_cv_c_compiler_gnu=yes
ac_cv_env_CC_set=
ac_cv_env_CC_value=
ac_cv_env_CFLAGS_set=
ac_cv_env_CFLAGS_value=
ac_cv_env_CPPFLAGS_set=
ac_cv_env_CPPFLAGS_value=
ac_cv_env_CPP_set=
ac_cv_env_CPP_value=
ac_cv_env_LDFLAGS_set=
ac_cv_env_LDFLAGS_value=
ac_cv_env_LIBS_set=
ac_cv_env_LIBS_value=
ac_cv_env_build_alias_set=
ac_cv_env_build_alias_value=
ac_cv_env_host_alias_set=
ac_cv_env_host_alias_value=
ac_cv_env_target_alias_set=
ac_cv_env_target_alias_value=
ac_cv_func_malloc_0_nonnull=yes
ac_cv_func_realloc_0_nonnull=yes
ac_cv_func_regcomp=yes
ac_cv_header_inttypes_h=yes
ac_cv_header_memory_h=yes
ac_cv_header_stdc=yes
ac_cv_header_stdint_h=yes
ac_cv_header_stdlib_h=yes
ac_cv_header_string_h=yes
ac_cv_header_strings_h=yes
ac_cv_header_sys_stat_h=yes
ac_cv_header_sys_types_h=yes
ac_cv_header_unistd_h=yes
ac_cv_objext=o
ac_cv_path_EGREP='/usr/bin/grep -E'
ac_cv_path_GREP=/usr/bin/grep
ac_cv_path_install='/usr/bin/install -c'
ac_cv_path_mkdir=/usr/bin/mkdir
ac_cv_prog_AWK=mawk
ac_cv_prog_CPP='gcc -E'
ac_cv_prog_ac_ct_CC=gcc
ac_cv_prog_cc_c89=
ac_cv_prog_cc_g=yes
ac_cv_prog_make_make_set=yes
am_cv_CC_dependencies_compiler_type=gcc3
am_cv_make_support_nested_variables=yes
am_cv_prog_cc_c_o=yes

## ----------------- ##
## Output variables. ##
## ----------------- ##

ACLOCAL='${SHELL} '\''/home/xnpst/CLionProjects/LinuxAppDev2021/08_Regexps/missing'\'' aclocal-1.16'
AMDEPBACKSLASH='\'
AMDEP_FALSE='#'
AMDEP_TRUE=''
AMTAR='$${TAR-tar}'
AM_BACKSLASH='\'
AM_DEFAULT_V='$(AM_DEFAULT_VERBOSITY)'
AM_DEFAULT_VERBOSITY='1'
AM_V='$(V)'
AUTOCONF='${SHELL} '\''/home/xnpst/CLionProjects/LinuxAppDev2021/08_Regexps/missing'\'' autoconf'
AUTOHEADER='${SHELL} '\''/home/xnpst/CLionProjects/LinuxAppDev2021/08_Regexps/missing'\'' autoheader'
AUTOMAKE='${SHELL} '\''/home/xnpst/CLionProjects/LinuxAppDev2021/08_Regexps/missing'\'' automake-1.16'
AWK='mawk'
CC='gcc'
CCDEPMODE='depmode=gcc3'
CFLAGS='-g -O2'
CPP='gcc -E'
CPPFLAGS=''
CYGPATH_W='echo'
DEFS='-DHAVE_CONFIG_H'
DEPDIR='.deps'
ECHO_C=''
ECHO_N='-n'
ECHO_T=''
EGREP='/usr/bin/grep -E'
EXEEXT=''
GREP='/usr/bin/grep'
INSTALL_DATA='${INSTALL} -m 644'
INSTALL_PROGRAM='${INSTALL}'
INSTALL_SCRIPT='${INSTALL}'
INSTALL_STRIP_PROGRAM='$(install_sh) -c -s'
LDFLAGS=''
LIBOBJS=''
LIBS=''
LTLIBOBJS=''
MAKEINFO='${SHELL} '\''/home/xnpst/CLionProjects/LinuxAppDev2021/08_Regexps/missing'\'' makeinfo'
MKDIR_P='/usr/bin/mkdir -p'
OBJEXT='o'
PACKAGE='esub'
PACKAGE_BUGREPORT='xnpster@yandex.ru'
PACKAGE_NAME='esub'
PACKAGE_STRING='esub 1.0'
PACKAGE_TARNAME='esub'
PACKAGE_URL=''
PACKAGE_VERSION='1.0'
PATH_SEPARATOR=':'
SET_MAKE=''
SHELL='/bin/bash'
STRIP=''
VERSION='1.0'
ac_ct_CC='gcc'
am__EXEEXT_FALSE=''
am__EXEEXT_TRUE='#'
am__fastdepCC_FALSE='#'
am__fastdepCC_TRUE=''
am__include='include'
am__isrc=''
am__leading_dot='.'
am__nodep='_no'
am__quote=''
am__tar='$${TAR-tar} chof - "$$tardir"'
am__untar='$${TAR-tar} xf -'
bindir='${exec_prefix}/bin'
build_alias=''
datadir='${datarootdir}'
datarootdir='${prefix}/share'
docdir='${datarootdir}/doc/${PACKAGE_TARNAME}'
dvidir='${docdir}'
exec_prefix='${prefix}'
host_alias=''
htmldir='${docdir}'
includedir='${prefix}/include'
infodir='${datarootdir}/info'
install_sh='${SHELL} /home/xnpst/CLionProjects/LinuxAppDev2021/08_Regexps/install-sh'
libdir='${exec_prefix}/lib'
libexecdir='${exec_prefix}/libexec'
localedir='${datarootdir}/locale'
localstatedir='${prefix}/var'
mandir='${datarootdir}/man'
mkdir_p='$(MKDIR_P)'
oldincludedir='/usr/include'
pdfdir='${docdir}'
prefix='/usr/local'
program_transform_name='s,x,x,'
psdir='${docdir}'
runstatedir='${localstatedir}/run'
sbindir='${exec_prefix}/sbin'
sharedstatedir='${prefix}/com'
sysconfdir='${prefix}/etc'
target_alias=''

## ----------- ##
## confdefs.h. ##
## ----------- ##

/* confdefs.h */
#define PACKAGE_NAME "esub"
#define PACKAGE_TARNAME "esub"
#define PACKAGE_VERSION "1.0"
#define PACKAGE_STRING "esub 1.0"
#define PACKAGE_BUGREPORT "xnpster@yandex.ru"
#define PACKAGE_URL ""
#define PACKAGE "esub"
#define VERSION "1.0"
#define STDC_HEADERS 1
#define HAVE_SYS_TYPES_H 1
#define HAVE_SYS_STAT_H 1
#define HAVE_STDLIB_H 1
#define HAVE_STRING_H 1
#define HAVE_MEMORY_H 1
#define HAVE_STRINGS_H 1
#define HAVE_INTTYPES_H 1
#define HAVE_STDINT_H 1
#define HAVE_UNISTD_H 1
#define HAVE_STDLIB_H 1
#define HAVE_STRING_H 1
#define HAVE_STDLIB_H 1
#define HAVE_MALLOC 1
#define HAVE_STDLIB_H 1
#define HAVE_REALLOC 1
#define HAVE_REGCOMP 1

configure: exit 0
